生成启动时间为 2022-10-31 17:22:20。
日志记录详细程度设置为: Normal。     1>项目“D:\project\c_cpp\lars\YLars\ylars_dns\ylars_dns.vcxproj”在节点 2 上(Rebuild 个目标)。
     1>_PrepareForClean:
         正在删除文件“D:\project\c_cpp\lars\YLars\ylars_dns\obj\ylars_dns.tlog\ylars_dns.lastbuildstate”。
       InitializeBuildStatus:
         正在创建“D:\project\c_cpp\lars\YLars\ylars_dns\obj\ylars_dns.tlog\unsuccessfulbuild”，因为已指定“AlwaysCreate”。
       _ValidateSources:
         正在验证源
       _CopySources:
         正在将源远程复制到“192.168.176.137”
         正在将文件“D:\project\c_cpp\lars\YLars\ylars_dns\src\dns_router.cpp”复制到“/home/redxin/YLars/ylars_dns/src/dns_router.cpp”
         正在将文件“D:\project\c_cpp\lars\YLars\ylars_dns\src\dns_service.cpp”复制到“/home/redxin/YLars/ylars_dns/src/dns_service.cpp”
         正在将文件“D:\project\c_cpp\lars\YLars\ylars_dns\src\subscribe.cpp”复制到“/home/redxin/YLars/ylars_dns/src/subscribe.cpp”
         正在将文件“D:\project\c_cpp\lars\YLars\ylars_dns\test\test.cpp”复制到“/home/redxin/YLars/ylars_dns/test/test.cpp”
         正在将文件“D:\project\c_cpp\lars\YLars\ylars_dns\include\dns_router.h”复制到“/home/redxin/YLars/ylars_dns/include/dns_router.h”
         正在将文件“D:\project\c_cpp\lars\YLars\ylars_dns\include\subscribe.h”复制到“/home/redxin/YLars/ylars_dns/include/subscribe.h”
       _ValidateCompatibleRemoteArchitectures:
         正在验证体系结构
       _ValidateValidArchitecture:
         正在验证体系结构
         当前项目体系结构“x64”兼容远程系统体系结构“x64”(“x86_64”)。
       ClCompile:
         正在启动远程生成
         正在编译源:
         正在调用“g++”
         g++ -c -x c++ /home/redxin/YLars/ylars_dns/src/dns_router.cpp -I /home/redxin/YLars/ylars_dns/../reactor/include -I /home/redxin/YLars/ylars_dns/../base/proto -I /home/redxin/YLars/ylars_dns/include -g2 -gdwarf-2 -o "/home/redxin/YLars/ylars_dns/obj/dns_router.o" -Wall -Wswitch -W"no-deprecated-declarations" -W"empty-body" -Wconversion -W"return-type" -Wparentheses -W"no-format" -Wuninitialized -W"unreachable-code" -W"unused-function" -W"unused-value" -W"unused-variable" -O0 -fno-strict-aliasing -fno-omit-frame-pointer -fthreadsafe-statics -fexceptions -frtti -std=c++11
         dns_router.cpp
         已完成编译“/home/redxin/YLars/ylars_dns/src/dns_router.cpp”
         正在调用“g++”
         g++ -c -x c++ /home/redxin/YLars/ylars_dns/src/dns_service.cpp -I /home/redxin/YLars/ylars_dns/../reactor/include -I /home/redxin/YLars/ylars_dns/../base/proto -I /home/redxin/YLars/ylars_dns/include -g2 -gdwarf-2 -o "/home/redxin/YLars/ylars_dns/obj/dns_service.o" -Wall -Wswitch -W"no-deprecated-declarations" -W"empty-body" -Wconversion -W"return-type" -Wparentheses -W"no-format" -Wuninitialized -W"unreachable-code" -W"unused-function" -W"unused-value" -W"unused-variable" -O0 -fno-strict-aliasing -fno-omit-frame-pointer -fthreadsafe-statics -fexceptions -frtti -std=c++11
         dns_service.cpp
         已完成编译“/home/redxin/YLars/ylars_dns/src/dns_service.cpp”
         正在调用“g++”
         g++ -c -x c++ /home/redxin/YLars/ylars_dns/src/subscribe.cpp -I /home/redxin/YLars/ylars_dns/../reactor/include -I /home/redxin/YLars/ylars_dns/../base/proto -I /home/redxin/YLars/ylars_dns/include -g2 -gdwarf-2 -o "/home/redxin/YLars/ylars_dns/obj/subscribe.o" -Wall -Wswitch -W"no-deprecated-declarations" -W"empty-body" -Wconversion -W"return-type" -Wparentheses -W"no-format" -Wuninitialized -W"unreachable-code" -W"unused-function" -W"unused-value" -W"unused-variable" -O0 -fno-strict-aliasing -fno-omit-frame-pointer -fthreadsafe-statics -fexceptions -frtti -std=c++11
         subscribe.cpp
         已完成编译“/home/redxin/YLars/ylars_dns/src/subscribe.cpp”
       Link:
         正在链接对象
         正在调用“ld”
         g++ -o "/home/redxin/YLars/ylars_dns/bin/ylars_dns" -Wl,--no-undefined -Wl,-L/home/redxin/YLars/ylars_dns/../reactor/lib -Wl,-L/home/redxin/YLars/ylars_dns/../base/proto -Wl,-z,relro -Wl,-z,now -Wl,-z,noexecstack ~/YLars/base/proto/ylars.pb.o /home/redxin/YLars/ylars_dns/obj/dns_router.o /home/redxin/YLars/ylars_dns/obj/dns_service.o /home/redxin/YLars/ylars_dns/obj/subscribe.o -I../reactor/include/ -L../reactor/lib/ -I../base/proto/ -I./include/ -L/usr/lib64/mysql/ -ldl -lprotobuf -lreactor -lpthread -lmysqlclient
         已完成链接，输出文件名:“/home/redxin/YLars/ylars_dns/bin/ylars_dns”
         正在将文件“/home/redxin/YLars/ylars_dns/bin/ylars_dns”复制到“D:\project\c_cpp\lars\YLars\ylars_dns\bin\ylars_dns”
         ylars_dns.vcxproj -> D:\project\c_cpp\lars\YLars\ylars_dns\bin\ylars_dns
       FinalizeBuildStatus:
         正在删除文件“D:\project\c_cpp\lars\YLars\ylars_dns\obj\ylars_dns.tlog\unsuccessfulbuild”。
         正在对“D:\project\c_cpp\lars\YLars\ylars_dns\obj\ylars_dns.tlog\ylars_dns.lastbuildstate”执行 Touch 任务。
     1>已完成生成项目“D:\project\c_cpp\lars\YLars\ylars_dns\ylars_dns.vcxproj”(Rebuild 个目标)的操作。

已成功生成。
    0 个警告
    0 个错误

已用时间 00:00:07.11
