生成启动时间为 2022-10-23 19:35:48。
日志记录详细程度设置为: Normal。     1>项目“D:\project\c_cpp\lars\YLars\reactor\example\example.vcxproj”在节点 2 上(Rebuild 个目标)。
     1>PrepareForBuild:
         正在创建目录“D:\project\c_cpp\lars\YLars\reactor\example\obj\example.tlog\”。
       InitializeBuildStatus:
         正在创建“D:\project\c_cpp\lars\YLars\reactor\example\obj\example.tlog\unsuccessfulbuild”，因为已指定“AlwaysCreate”。
       _ValidateSources:
         正在验证源
       _CopySources:
         正在将源远程复制到“192.168.176.137”
         正在将文件“D:\project\c_cpp\lars\YLars\reactor\example\buf_pool_test.cpp”复制到“/home/redxin/YLars/reactor/example/buf_pool_test.cpp”
         正在将文件“D:\project\c_cpp\lars\YLars\reactor\example\udp_client.cpp”复制到“/home/redxin/YLars/reactor/example/udp_client.cpp”
         正在将文件“D:\project\c_cpp\lars\YLars\reactor\example\udp_server.cpp”复制到“/home/redxin/YLars/reactor/example/udp_server.cpp”
         正在将文件“D:\project\c_cpp\lars\YLars\reactor\example\reactor_buf_test.cpp”复制到“/home/redxin/YLars/reactor/example/reactor_buf_test.cpp”
         正在将文件“D:\project\c_cpp\lars\YLars\reactor\example\tcp_client.cpp”复制到“/home/redxin/YLars/reactor/example/tcp_client.cpp”
         正在将文件“D:\project\c_cpp\lars\YLars\reactor\example\tcp_server.cpp”复制到“/home/redxin/YLars/reactor/example/tcp_server.cpp”
         正在将文件“D:\project\c_cpp\lars\YLars\reactor\example\conf\client.ini”复制到“/home/redxin/YLars/reactor/example/conf/client.ini”
         正在将文件“D:\project\c_cpp\lars\YLars\reactor\example\conf\reactor.ini”复制到“/home/redxin/YLars/reactor/example/conf/reactor.ini”
       _ValidateCompatibleRemoteArchitectures:
         正在验证体系结构
       _ValidateValidArchitecture:
         正在验证体系结构
         当前项目体系结构“x64”兼容远程系统体系结构“x64”(“x86_64”)。
       ClCompile:
         正在启动远程生成
         正在编译源:
         正在调用“g++”
         g++ -c -x c++ /home/redxin/YLars/reactor/example/tcp_client.cpp -I /home/redxin/YLars/reactor/example/../include -g2 -gdwarf-2 -o "/home/redxin/YLars/reactor/example/obj/tcp_client.o" -Wall -Wswitch -W"no-deprecated-declarations" -W"empty-body" -Wconversion -W"return-type" -Wparentheses -W"no-format" -Wuninitialized -W"unreachable-code" -W"unused-function" -W"unused-value" -W"unused-variable" -v -O0 -fno-strict-aliasing -fno-omit-frame-pointer -fthreadsafe-statics -fexceptions -frtti -std=c++11
         tcp_client.cpp
         使用内建 specs。
         COLLECT_GCC=g++
         目标：x86_64-redhat-linux
         配置为：../configure --prefix=/usr --mandir=/usr/share/man --infodir=/usr/share/info --with-bugurl=http://bugzilla.redhat.com/bugzilla --enable-bootstrap --enable-shared --enable-threads=posix --enable-checking=release --with-system-zlib --enable-__cxa_atexit --disable-libunwind-exceptions --enable-gnu-unique-object --enable-linker-build-id --with-linker-hash-style=gnu --enable-languages=c,c++,objc,obj-c++,java,fortran,ada,go,lto --enable-plugin --enable-initfini-array --disable-libgcj --with-isl=/builddir/build/BUILD/gcc-4.8.5-20150702/obj-x86_64-redhat-linux/isl-install --with-cloog=/builddir/build/BUILD/gcc-4.8.5-20150702/obj-x86_64-redhat-linux/cloog-install --enable-gnu-indirect-function --with-tune=generic --with-arch_32=x86-64 --build=x86_64-redhat-linux
         线程模型：posix
         gcc 版本 4.8.5 20150623 (Red Hat 4.8.5-44) (GCC) 
         COLLECT_GCC_OPTIONS='-c' '-I' '/home/redxin/YLars/reactor/example/../include' '-g2' '-gdwarf-2' '-o' '/home/redxin/YLars/reactor/example/obj/tcp_client.o' '-Wall' '-Wswitch' '-Wno-deprecated-declarations' '-Wempty-body' '-Wconversion' '-Wreturn-type' '-Wparentheses' '-Wformat=0' '-Wuninitialized' '-Wunused-function' '-Wunused-value' '-Wunused-variable' '-v' '-O0' '-fno-strict-aliasing' '-fno-omit-frame-pointer' '-fthreadsafe-statics' '-fexceptions' '-frtti' '-std=c++11' '-shared-libgcc' '-mtune=generic' '-march=x86-64'
          /usr/libexec/gcc/x86_64-redhat-linux/4.8.5/cc1plus -quiet -v -I /home/redxin/YLars/reactor/example/../include -D_GNU_SOURCE /home/redxin/YLars/reactor/example/tcp_client.cpp -quiet -dumpbase tcp_client.cpp -mtune=generic -march=x86-64 -auxbase-strip /home/redxin/YLars/reactor/example/obj/tcp_client.o -g2 -gdwarf-2 -O0 -Wall -Wswitch -Wno-deprecated-declarations -Wempty-body -Wconversion -Wreturn-type -Wparentheses -Wformat=0 -Wuninitialized -Wunused-function -Wunused-value -Wunused-variable -std=c++11 -version -fno-strict-aliasing -fno-omit-frame-pointer -fthreadsafe-statics -fexceptions -frtti -o /tmp/ccrAJO8U.s
         GNU C++ (GCC) 版本 4.8.5 20150623 (Red Hat 4.8.5-44) (x86_64-redhat-linux)
         	由 GNU C 版本 4.8.5 20150623 (Red Hat 4.8.5-44) 编译，GMP 版本 6.0.0，MPFR 版本 3.1.1，MPC 版本 1.0.1
         GGC 准则：--param ggc-min-expand=100 --param ggc-min-heapsize=131072
         忽略不存在的目录“/usr/lib/gcc/x86_64-redhat-linux/4.8.5/include-fixed”
         忽略不存在的目录“/usr/lib/gcc/x86_64-redhat-linux/4.8.5/../../../../x86_64-redhat-linux/include”
         #include "..." 搜索从这里开始：
         #include <...> 搜索从这里开始：
          /home/redxin/YLars/reactor/example/../include
          /usr/lib/gcc/x86_64-redhat-linux/4.8.5/../../../../include/c++/4.8.5
          /usr/lib/gcc/x86_64-redhat-linux/4.8.5/../../../../include/c++/4.8.5/x86_64-redhat-linux
          /usr/lib/gcc/x86_64-redhat-linux/4.8.5/../../../../include/c++/4.8.5/backward
          /usr/lib/gcc/x86_64-redhat-linux/4.8.5/include
          /usr/local/include
          /usr/include
         搜索列表结束。
         GNU C++ (GCC) 版本 4.8.5 20150623 (Red Hat 4.8.5-44) (x86_64-redhat-linux)
         	由 GNU C 版本 4.8.5 20150623 (Red Hat 4.8.5-44) 编译，GMP 版本 6.0.0，MPFR 版本 3.1.1，MPC 版本 1.0.1
         GGC 准则：--param ggc-min-expand=100 --param ggc-min-heapsize=131072
         Compiler executable checksum: 51b2dcccf6085e5bfbbf3932e5685252
         /home/redxin/YLars/reactor/example/tcp_client.cpp: 在函数‘void show(ylars::conn_base*, int, const void*, int, void*)’中:
         /home/redxin/YLars/reactor/example/tcp_client.cpp:30:7: 警告：未使用的变量‘cli’ [-Wunused-variable]
           auto cli = dynamic_cast<ylars::tcp_client*>(conn);
                ^
         /home/redxin/YLars/reactor/example/tcp_client.cpp: 在函数‘void* thread_main(void*)’中:
         /home/redxin/YLars/reactor/example/tcp_client.cpp:83:1: 警告：在有返回值的函数中未发现 return 语句 [-Wreturn-type]
          }
          ^
         /home/redxin/YLars/reactor/example/tcp_client.cpp: 在函数‘int main(int, char**)’中:
         /home/redxin/YLars/reactor/example/tcp_client.cpp:90:47: 警告：‘uint16_t {aka short unsigned int}’转换自‘unsigned int’时可能改变值 [-Wconversion]
           port = conf->GetNumber("server", "port", 7777);
                                                        ^
         
         已完成编译“/home/redxin/YLars/reactor/example/tcp_client.cpp”
         正在调用“g++”
         g++ -c -x c++ /home/redxin/YLars/reactor/example/tcp_server.cpp -I /home/redxin/YLars/reactor/example/../include -g2 -gdwarf-2 -o "/home/redxin/YLars/reactor/example/obj/tcp_server.o" -Wall -Wswitch -W"no-deprecated-declarations" -W"empty-body" -Wconversion -W"return-type" -Wparentheses -W"no-format" -Wuninitialized -W"unreachable-code" -W"unused-function" -W"unused-value" -W"unused-variable" -v -O0 -fno-strict-aliasing -fno-omit-frame-pointer -fthreadsafe-statics -fexceptions -frtti -std=c++11
         tcp_server.cpp
         COLLECT_GCC_OPTIONS='-c' '-I' '/home/redxin/YLars/reactor/example/../include' '-g2' '-gdwarf-2' '-o' '/home/redxin/YLars/reactor/example/obj/tcp_client.o' '-Wall' '-Wswitch' '-Wno-deprecated-declarations' '-Wempty-body' '-Wconversion' '-Wreturn-type' '-Wparentheses' '-Wformat=0' '-Wuninitialized' '-Wunused-function' '-Wunused-value' '-Wunused-variable' '-v' '-O0' '-fno-strict-aliasing' '-fno-omit-frame-pointer' '-fthreadsafe-statics' '-fexceptions' '-frtti' '-std=c++11' '-shared-libgcc' '-mtune=generic' '-march=x86-64'
          as -v -I /home/redxin/YLars/reactor/example/../include --64 -o /home/redxin/YLars/reactor/example/obj/tcp_client.o /tmp/ccrAJO8U.s
         GNU assembler version 2.27 (x86_64-redhat-linux) using BFD version version 2.27-44.base.el7_9.1
         COMPILER_PATH=/usr/libexec/gcc/x86_64-redhat-linux/4.8.5/:/usr/libexec/gcc/x86_64-redhat-linux/4.8.5/:/usr/libexec/gcc/x86_64-redhat-linux/:/usr/lib/gcc/x86_64-redhat-linux/4.8.5/:/usr/lib/gcc/x86_64-redhat-linux/
         LIBRARY_PATH=/usr/lib/gcc/x86_64-redhat-linux/4.8.5/:/usr/lib/gcc/x86_64-redhat-linux/4.8.5/../../../../lib64/:/lib/../lib64/:/usr/lib/../lib64/:/usr/lib/gcc/x86_64-redhat-linux/4.8.5/../../../:/lib/:/usr/lib/
         COLLECT_GCC_OPTIONS='-c' '-I' '/home/redxin/YLars/reactor/example/../include' '-g2' '-gdwarf-2' '-o' '/home/redxin/YLars/reactor/example/obj/tcp_client.o' '-Wall' '-Wswitch' '-Wno-deprecated-declarations' '-Wempty-body' '-Wconversion' '-Wreturn-type' '-Wparentheses' '-Wformat=0' '-Wuninitialized' '-Wunused-function' '-Wunused-value' '-Wunused-variable' '-v' '-O0' '-fno-strict-aliasing' '-fno-omit-frame-pointer' '-fthreadsafe-statics' '-fexceptions' '-frtti' '-std=c++11' '-shared-libgcc' '-mtune=generic' '-march=x86-64'
         使用内建 specs。
         COLLECT_GCC=g++
         目标：x86_64-redhat-linux
         配置为：../configure --prefix=/usr --mandir=/usr/share/man --infodir=/usr/share/info --with-bugurl=http://bugzilla.redhat.com/bugzilla --enable-bootstrap --enable-shared --enable-threads=posix --enable-checking=release --with-system-zlib --enable-__cxa_atexit --disable-libunwind-exceptions --enable-gnu-unique-object --enable-linker-build-id --with-linker-hash-style=gnu --enable-languages=c,c++,objc,obj-c++,java,fortran,ada,go,lto --enable-plugin --enable-initfini-array --disable-libgcj --with-isl=/builddir/build/BUILD/gcc-4.8.5-20150702/obj-x86_64-redhat-linux/isl-install --with-cloog=/builddir/build/BUILD/gcc-4.8.5-20150702/obj-x86_64-redhat-linux/cloog-install --enable-gnu-indirect-function --with-tune=generic --with-arch_32=x86-64 --build=x86_64-redhat-linux
         线程模型：posix
         gcc 版本 4.8.5 20150623 (Red Hat 4.8.5-44) (GCC) 
         COLLECT_GCC_OPTIONS='-c' '-I' '/home/redxin/YLars/reactor/example/../include' '-g2' '-gdwarf-2' '-o' '/home/redxin/YLars/reactor/example/obj/tcp_server.o' '-Wall' '-Wswitch' '-Wno-deprecated-declarations' '-Wempty-body' '-Wconversion' '-Wreturn-type' '-Wparentheses' '-Wformat=0' '-Wuninitialized' '-Wunused-function' '-Wunused-value' '-Wunused-variable' '-v' '-O0' '-fno-strict-aliasing' '-fno-omit-frame-pointer' '-fthreadsafe-statics' '-fexceptions' '-frtti' '-std=c++11' '-shared-libgcc' '-mtune=generic' '-march=x86-64'
          /usr/libexec/gcc/x86_64-redhat-linux/4.8.5/cc1plus -quiet -v -I /home/redxin/YLars/reactor/example/../include -D_GNU_SOURCE /home/redxin/YLars/reactor/example/tcp_server.cpp -quiet -dumpbase tcp_server.cpp -mtune=generic -march=x86-64 -auxbase-strip /home/redxin/YLars/reactor/example/obj/tcp_server.o -g2 -gdwarf-2 -O0 -Wall -Wswitch -Wno-deprecated-declarations -Wempty-body -Wconversion -Wreturn-type -Wparentheses -Wformat=0 -Wuninitialized -Wunused-function -Wunused-value -Wunused-variable -std=c++11 -version -fno-strict-aliasing -fno-omit-frame-pointer -fthreadsafe-statics -fexceptions -frtti -o /tmp/ccHs1udl.s
         GNU C++ (GCC) 版本 4.8.5 20150623 (Red Hat 4.8.5-44) (x86_64-redhat-linux)
         	由 GNU C 版本 4.8.5 20150623 (Red Hat 4.8.5-44) 编译，GMP 版本 6.0.0，MPFR 版本 3.1.1，MPC 版本 1.0.1
         GGC 准则：--param ggc-min-expand=100 --param ggc-min-heapsize=131072
         忽略不存在的目录“/usr/lib/gcc/x86_64-redhat-linux/4.8.5/include-fixed”
         忽略不存在的目录“/usr/lib/gcc/x86_64-redhat-linux/4.8.5/../../../../x86_64-redhat-linux/include”
         #include "..." 搜索从这里开始：
         #include <...> 搜索从这里开始：
          /home/redxin/YLars/reactor/example/../include
          /usr/lib/gcc/x86_64-redhat-linux/4.8.5/../../../../include/c++/4.8.5
          /usr/lib/gcc/x86_64-redhat-linux/4.8.5/../../../../include/c++/4.8.5/x86_64-redhat-linux
          /usr/lib/gcc/x86_64-redhat-linux/4.8.5/../../../../include/c++/4.8.5/backward
          /usr/lib/gcc/x86_64-redhat-linux/4.8.5/include
          /usr/local/include
          /usr/include
         搜索列表结束。
         GNU C++ (GCC) 版本 4.8.5 20150623 (Red Hat 4.8.5-44) (x86_64-redhat-linux)
         	由 GNU C 版本 4.8.5 20150623 (Red Hat 4.8.5-44) 编译，GMP 版本 6.0.0，MPFR 版本 3.1.1，MPC 版本 1.0.1
         GGC 准则：--param ggc-min-expand=100 --param ggc-min-heapsize=131072
         Compiler executable checksum: 51b2dcccf6085e5bfbbf3932e5685252
         /home/redxin/YLars/reactor/example/tcp_server.cpp: 在函数‘int main()’中:
         /home/redxin/YLars/reactor/example/tcp_server.cpp:69:57: 警告：‘uint16_t {aka short unsigned int}’转换自‘unsigned int’时可能改变值 [-Wconversion]
           uint16_t port = conf->GetNumber("reactor", "port", 7777);
                                                                  ^
         
         已完成编译“/home/redxin/YLars/reactor/example/tcp_server.cpp”
         COLLECT_GCC_OPTIONS='-c' '-I' '/home/redxin/YLars/reactor/example/../include' '-g2' '-gdwarf-2' '-o' '/home/redxin/YLars/reactor/example/obj/tcp_server.o' '-Wall' '-Wswitch' '-Wno-deprecated-declarations' '-Wempty-body' '-Wconversion' '-Wreturn-type' '-Wparentheses' '-Wformat=0' '-Wuninitialized' '-Wunused-function' '-Wunused-value' '-Wunused-variable' '-v' '-O0' '-fno-strict-aliasing' '-fno-omit-frame-pointer' '-fthreadsafe-statics' '-fexceptions' '-frtti' '-std=c++11' '-shared-libgcc' '-mtune=generic' '-march=x86-64'
          as -v -I /home/redxin/YLars/reactor/example/../include --64 -o /home/redxin/YLars/reactor/example/obj/tcp_server.o /tmp/ccHs1udl.s
         GNU assembler version 2.27 (x86_64-redhat-linux) using BFD version version 2.27-44.base.el7_9.1
         COMPILER_PATH=/usr/libexec/gcc/x86_64-redhat-linux/4.8.5/:/usr/libexec/gcc/x86_64-redhat-linux/4.8.5/:/usr/libexec/gcc/x86_64-redhat-linux/:/usr/lib/gcc/x86_64-redhat-linux/4.8.5/:/usr/lib/gcc/x86_64-redhat-linux/
         LIBRARY_PATH=/usr/lib/gcc/x86_64-redhat-linux/4.8.5/:/usr/lib/gcc/x86_64-redhat-linux/4.8.5/../../../../lib64/:/lib/../lib64/:/usr/lib/../lib64/:/usr/lib/gcc/x86_64-redhat-linux/4.8.5/../../../:/lib/:/usr/lib/
         COLLECT_GCC_OPTIONS='-c' '-I' '/home/redxin/YLars/reactor/example/../include' '-g2' '-gdwarf-2' '-o' '/home/redxin/YLars/reactor/example/obj/tcp_server.o' '-Wall' '-Wswitch' '-Wno-deprecated-declarations' '-Wempty-body' '-Wconversion' '-Wreturn-type' '-Wparentheses' '-Wformat=0' '-Wuninitialized' '-Wunused-function' '-Wunused-value' '-Wunused-variable' '-v' '-O0' '-fno-strict-aliasing' '-fno-omit-frame-pointer' '-fthreadsafe-statics' '-fexceptions' '-frtti' '-std=c++11' '-shared-libgcc' '-mtune=generic' '-march=x86-64'
         
       Link:
         正在链接对象
         正在调用“ld”
         g++ -o "/home/redxin/YLars/reactor/example/bin/example.out" -Wl,--no-undefined -Wl,-L/home/redxin/YLars/reactor/example/../lib -Wl,-z,relro -Wl,-z,now -Wl,-z,noexecstack /home/redxin/YLars/reactor/example/obj/tcp_client.o /home/redxin/YLars/reactor/example/obj/tcp_server.o -L../lib -I../include -lreactor -lpthread
     1>D:\project\c_cpp\lars\YLars\reactor\example\obj\tcp_server.o：在函数‘echo(ylars : error : conn_base*, int, void const*, int, void*)’中：
     1>D:\project\c_cpp\lars\YLars\reactor\example\tcp_server.cpp(14): error : echo(ylars::conn_base*, int, void const*, int, void*) 的多重定义
     1>D:\project\c_cpp\lars\YLars\reactor\example\obj\tcp_client.o : error : /home/redxin/YLars/reactor/example/tcp_client.cpp:22：第一次在此定义
     1>D:\project\c_cpp\lars\YLars\reactor\example\obj\tcp_server.o：在函数‘show(ylars : error : conn_base*, int, void const*, int, void*)’中：
     1>D:\project\c_cpp\lars\YLars\reactor\example\tcp_server.cpp(21): error : show(ylars::conn_base*, int, void const*, int, void*) 的多重定义
     1>D:\project\c_cpp\lars\YLars\reactor\example\obj\tcp_client.o : error : /home/redxin/YLars/reactor/example/tcp_client.cpp:29：第一次在此定义
     1>D:\project\c_cpp\lars\YLars\reactor\example\obj\tcp_server.o：在函数‘start(ylars : error : conn_base*, void*)’中：
     1>D:\project\c_cpp\lars\YLars\reactor\example\tcp_server.cpp(52): error : start(ylars::conn_base*, void*) 的多重定义
     1>D:\project\c_cpp\lars\YLars\reactor\example\obj\tcp_client.o : error : /home/redxin/YLars/reactor/example/tcp_client.cpp:42：第一次在此定义
     1>D:\project\c_cpp\lars\YLars\reactor\example\obj\tcp_server.o：在函数‘qps_test(ylars : error : conn_base*, int, void const*, int, void*)’中：
     1>D:\project\c_cpp\lars\YLars\reactor\example\tcp_server.cpp(57): error : qps_test(ylars::conn_base*, int, void const*, int, void*) 的多重定义
     1>D:\project\c_cpp\lars\YLars\reactor\example\obj\tcp_client.o : error : /home/redxin/YLars/reactor/example/tcp_client.cpp:47：第一次在此定义
D:\project\c_cpp\lars\YLars\reactor\example\obj\tcp_client.o : error : /home/redxin/YLars/reactor/example/obj/tcp_server.o：在函数‘main’中：
     1>D:\project\c_cpp\lars\YLars\reactor\example\tcp_server.cpp(64): error : main 的多重定义
     1>D:\project\c_cpp\lars\YLars\reactor\example\obj\tcp_client.o : error : /home/redxin/YLars/reactor/example/tcp_client.cpp:86：第一次在此定义
D:\project\c_cpp\lars\YLars\reactor\example\obj\tcp_client.o : error : /home/redxin/YLars/reactor/example/../lib/libreactor.a(thread_pool.o)：在函数‘thread_main(void*)’中：
     1>/home/redxin/YLars/reactor/src/thread_pool.cpp(45): error : thread_main(void*) 的多重定义
     1>D:\project\c_cpp\lars\YLars\reactor\example\obj\tcp_client.o : error : /home/redxin/YLars/reactor/example/tcp_client.cpp:68：第一次在此定义
     1>D:\project\c_cpp\lars\YLars\reactor\example\..\lib\libreactor.a(tcp_conn.o)：在函数‘read_cb(ylars : error : event_loop*, int, void*)’中：
     1>/home/redxin/YLars/reactor/src/tcp_conn.cpp(13): error : read_cb(ylars::event_loop*, int, void*) 的多重定义
     1>D:\project\c_cpp\lars\YLars\reactor\example\..\lib\libreactor.a(tcp_client.o) : error : /home/redxin/YLars/reactor/src/tcp_client.cpp:20：第一次在此定义
     1>D:\project\c_cpp\lars\YLars\reactor\example\..\lib\libreactor.a(tcp_conn.o)：在函数‘write_cb(ylars : error : event_loop*, int, void*)’中：
     1>/home/redxin/YLars/reactor/src/tcp_conn.cpp(19): error : write_cb(ylars::event_loop*, int, void*) 的多重定义
     1>D:\project\c_cpp\lars\YLars\reactor\example\..\lib\libreactor.a(tcp_client.o) : error : /home/redxin/YLars/reactor/src/tcp_client.cpp:14：第一次在此定义
     1>collect2 : error : 错误：ld 返回 1
         /home/redxin/YLars/reactor/example/obj/tcp_server.o：在函数‘echo(ylars::conn_base*, int, void const*, int, void*)’中：
         /home/redxin/YLars/reactor/example/tcp_server.cpp:14: echo(ylars::conn_base*, int, void const*, int, void*) 的多重定义
         /home/redxin/YLars/reactor/example/obj/tcp_client.o:/home/redxin/YLars/reactor/example/tcp_client.cpp:22：第一次在此定义
         /home/redxin/YLars/reactor/example/obj/tcp_server.o：在函数‘show(ylars::conn_base*, int, void const*, int, void*)’中：
         /home/redxin/YLars/reactor/example/tcp_server.cpp:21: show(ylars::conn_base*, int, void const*, int, void*) 的多重定义
         /home/redxin/YLars/reactor/example/obj/tcp_client.o:/home/redxin/YLars/reactor/example/tcp_client.cpp:29：第一次在此定义
         /home/redxin/YLars/reactor/example/obj/tcp_server.o：在函数‘start(ylars::conn_base*, void*)’中：
         /home/redxin/YLars/reactor/example/tcp_server.cpp:52: start(ylars::conn_base*, void*) 的多重定义
         /home/redxin/YLars/reactor/example/obj/tcp_client.o:/home/redxin/YLars/reactor/example/tcp_client.cpp:42：第一次在此定义
         /home/redxin/YLars/reactor/example/obj/tcp_server.o：在函数‘qps_test(ylars::conn_base*, int, void const*, int, void*)’中：
         /home/redxin/YLars/reactor/example/tcp_server.cpp:57: qps_test(ylars::conn_base*, int, void const*, int, void*) 的多重定义
         /home/redxin/YLars/reactor/example/obj/tcp_client.o:/home/redxin/YLars/reactor/example/tcp_client.cpp:47：第一次在此定义
         /home/redxin/YLars/reactor/example/obj/tcp_server.o：在函数‘main’中：
         /home/redxin/YLars/reactor/example/tcp_server.cpp:64: main 的多重定义
         /home/redxin/YLars/reactor/example/obj/tcp_client.o:/home/redxin/YLars/reactor/example/tcp_client.cpp:86：第一次在此定义
         /home/redxin/YLars/reactor/example/../lib/libreactor.a(thread_pool.o)：在函数‘thread_main(void*)’中：
         /home/redxin/YLars/reactor/src/thread_pool.cpp:45: thread_main(void*) 的多重定义
         /home/redxin/YLars/reactor/example/obj/tcp_client.o:/home/redxin/YLars/reactor/example/tcp_client.cpp:68：第一次在此定义
         /home/redxin/YLars/reactor/example/../lib/libreactor.a(tcp_conn.o)：在函数‘read_cb(ylars::event_loop*, int, void*)’中：
         /home/redxin/YLars/reactor/src/tcp_conn.cpp:13: read_cb(ylars::event_loop*, int, void*) 的多重定义
         /home/redxin/YLars/reactor/example/../lib/libreactor.a(tcp_client.o):/home/redxin/YLars/reactor/src/tcp_client.cpp:20：第一次在此定义
         /home/redxin/YLars/reactor/example/../lib/libreactor.a(tcp_conn.o)：在函数‘write_cb(ylars::event_loop*, int, void*)’中：
         /home/redxin/YLars/reactor/src/tcp_conn.cpp:19: write_cb(ylars::event_loop*, int, void*) 的多重定义
         /home/redxin/YLars/reactor/example/../lib/libreactor.a(tcp_client.o):/home/redxin/YLars/reactor/src/tcp_client.cpp:14：第一次在此定义
         collect2: 错误：ld 返回 1
         
         已完成链接，输出文件名:“/home/redxin/YLars/reactor/example/bin/example.out”
     1>已完成生成项目“D:\project\c_cpp\lars\YLars\reactor\example\example.vcxproj”(Rebuild 个目标)的操作 - 失败。

生成失败。

       “D:\project\c_cpp\lars\YLars\reactor\example\example.vcxproj”(Rebuild 目标) (1) ->
       (Link 目标) -> 
         D:\project\c_cpp\lars\YLars\reactor\example\obj\tcp_server.o：在函数‘echo(ylars : error : conn_base*, int, void const*, int, void*)’中：
         D:\project\c_cpp\lars\YLars\reactor\example\tcp_server.cpp(14): error : echo(ylars::conn_base*, int, void const*, int, void*) 的多重定义
         D:\project\c_cpp\lars\YLars\reactor\example\obj\tcp_client.o : error : /home/redxin/YLars/reactor/example/tcp_client.cpp:22：第一次在此定义
         D:\project\c_cpp\lars\YLars\reactor\example\obj\tcp_server.o：在函数‘show(ylars : error : conn_base*, int, void const*, int, void*)’中：
         D:\project\c_cpp\lars\YLars\reactor\example\tcp_server.cpp(21): error : show(ylars::conn_base*, int, void const*, int, void*) 的多重定义
         D:\project\c_cpp\lars\YLars\reactor\example\obj\tcp_client.o : error : /home/redxin/YLars/reactor/example/tcp_client.cpp:29：第一次在此定义
         D:\project\c_cpp\lars\YLars\reactor\example\obj\tcp_server.o：在函数‘start(ylars : error : conn_base*, void*)’中：
         D:\project\c_cpp\lars\YLars\reactor\example\tcp_server.cpp(52): error : start(ylars::conn_base*, void*) 的多重定义
         D:\project\c_cpp\lars\YLars\reactor\example\obj\tcp_client.o : error : /home/redxin/YLars/reactor/example/tcp_client.cpp:42：第一次在此定义
         D:\project\c_cpp\lars\YLars\reactor\example\obj\tcp_server.o：在函数‘qps_test(ylars : error : conn_base*, int, void const*, int, void*)’中：
         D:\project\c_cpp\lars\YLars\reactor\example\tcp_server.cpp(57): error : qps_test(ylars::conn_base*, int, void const*, int, void*) 的多重定义
         D:\project\c_cpp\lars\YLars\reactor\example\obj\tcp_client.o : error : /home/redxin/YLars/reactor/example/tcp_client.cpp:47：第一次在此定义
       D:\project\c_cpp\lars\YLars\reactor\example\obj\tcp_client.o : error : /home/redxin/YLars/reactor/example/obj/tcp_server.o：在函数‘main’中：
         D:\project\c_cpp\lars\YLars\reactor\example\tcp_server.cpp(64): error : main 的多重定义
         D:\project\c_cpp\lars\YLars\reactor\example\obj\tcp_client.o : error : /home/redxin/YLars/reactor/example/tcp_client.cpp:86：第一次在此定义
       D:\project\c_cpp\lars\YLars\reactor\example\obj\tcp_client.o : error : /home/redxin/YLars/reactor/example/../lib/libreactor.a(thread_pool.o)：在函数‘thread_main(void*)’中：
         /home/redxin/YLars/reactor/src/thread_pool.cpp(45): error : thread_main(void*) 的多重定义
         D:\project\c_cpp\lars\YLars\reactor\example\obj\tcp_client.o : error : /home/redxin/YLars/reactor/example/tcp_client.cpp:68：第一次在此定义
         D:\project\c_cpp\lars\YLars\reactor\example\..\lib\libreactor.a(tcp_conn.o)：在函数‘read_cb(ylars : error : event_loop*, int, void*)’中：
         /home/redxin/YLars/reactor/src/tcp_conn.cpp(13): error : read_cb(ylars::event_loop*, int, void*) 的多重定义
         D:\project\c_cpp\lars\YLars\reactor\example\..\lib\libreactor.a(tcp_client.o) : error : /home/redxin/YLars/reactor/src/tcp_client.cpp:20：第一次在此定义
         D:\project\c_cpp\lars\YLars\reactor\example\..\lib\libreactor.a(tcp_conn.o)：在函数‘write_cb(ylars : error : event_loop*, int, void*)’中：
         /home/redxin/YLars/reactor/src/tcp_conn.cpp(19): error : write_cb(ylars::event_loop*, int, void*) 的多重定义
         D:\project\c_cpp\lars\YLars\reactor\example\..\lib\libreactor.a(tcp_client.o) : error : /home/redxin/YLars/reactor/src/tcp_client.cpp:14：第一次在此定义
         collect2 : error : 错误：ld 返回 1

    0 个警告
    23 个错误

已用时间 00:00:03.34
